# JRE version: Java(TM) SE Runtime Environment (17.0.8+9) (build 17.0.8+9-LTS-211)
# Java VM: Java HotSpot(TM) 64-Bit Server VM (17.0.8+9-LTS-211, mixed mode, sharing, tiered, compressed oops, compressed class ptrs, g1 gc, windows-amd64)
GC Precious Log:
 CPUs: 8 total, 8 available
 Memory: 8029M
 Large Page Support: Disabled
 NUMA Support: Disabled
 Compressed Oops: Enabled (32-bit)
 Heap Region Size: 1M
 Heap Min Capacity: 8M
 Heap Initial Capacity: 126M
 Heap Max Capacity: 2008M
 Pre-touch: Disabled
 Parallel Workers: 8
 Concurrent Workers: 2
 Concurrent Refinement Workers: 8
 Periodic GC: Disabled
Heap:
 garbage-first heap   total 293888K, used 155703K [0x0000000082800000, 0x0000000100000000)
  region size 1024K, 88 young (90112K), 8 survivors (8192K)
 Metaspace       used 119830K, committed 120640K, reserved 1179648K
  class space    used 14133K, committed 14528K, reserved 1048576K
GC Heap History (20 events):
Event: 2072.068 GC heap before
{Heap before GC invocations=205 (full 5):
 garbage-first heap   total 270336K, used 86892K [0x0000000082800000, 0x0000000100000000)
  region size 1024K, 13 young (13312K), 2 survivors (2048K)
 Metaspace       used 115725K, committed 116800K, reserved 1179648K
  class space    used 13789K, committed 14272K, reserved 1048576K
}
Event: 2072.077 GC heap after
{Heap after GC invocations=206 (full 5):
 garbage-first heap   total 270336K, used 74294K [0x0000000082800000, 0x0000000100000000)
  region size 1024K, 1 young (1024K), 1 survivors (1024K)
 Metaspace       used 115725K, committed 116800K, reserved 1179648K
  class space    used 13789K, committed 14272K, reserved 1048576K
}
Event: 2124.941 GC heap before
{Heap before GC invocations=206 (full 5):
 garbage-first heap   total 270336K, used 233014K [0x0000000082800000, 0x0000000100000000)
  region size 1024K, 156 young (159744K), 1 survivors (1024K)
 Metaspace       used 115726K, committed 116800K, reserved 1179648K
  class space    used 13789K, committed 14272K, reserved 1048576K
}
Event: 2124.973 GC heap after
{Heap after GC invocations=207 (full 5):
 garbage-first heap   total 270336K, used 74132K [0x0000000082800000, 0x0000000100000000)
  region size 1024K, 1 young (1024K), 1 survivors (1024K)
 Metaspace       used 115726K, committed 116800K, reserved 1179648K
  class space    used 13789K, committed 14272K, reserved 1048576K
}
Event: 2178.550 GC heap before
{Heap before GC invocations=208 (full 5):
 garbage-first heap   total 263168K, used 233876K [0x0000000082800000, 0x0000000100000000)
  region size 1024K, 157 young (160768K), 1 survivors (1024K)
 Metaspace       used 115685K, committed 116800K, reserved 1179648K
  class space    used 13779K, committed 14272K, reserved 1048576K
}
Event: 2178.569 GC heap after
{Heap after GC invocations=209 (full 5):
 garbage-first heap   total 263168K, used 75376K [0x0000000082800000, 0x0000000100000000)
  region size 1024K, 2 young (2048K), 2 survivors (2048K)
 Metaspace       used 115685K, committed 116800K, reserved 1179648K
  class space    used 13779K, committed 14272K, reserved 1048576K
}
Event: 2182.257 GC heap before
{Heap before GC invocations=209 (full 5):
 garbage-first heap   total 263168K, used 85616K [0x0000000082800000, 0x0000000100000000)
  region size 1024K, 12 young (12288K), 2 survivors (2048K)
 Metaspace       used 115685K, committed 116800K, reserved 1179648K
  class space    used 13779K, committed 14272K, reserved 1048576K
}
Event: 2182.270 GC heap after
{Heap after GC invocations=210 (full 5):
 garbage-first heap   total 263168K, used 73407K [0x0000000082800000, 0x0000000100000000)
  region size 1024K, 1 young (1024K), 1 survivors (1024K)
 Metaspace       used 115685K, committed 116800K, reserved 1179648K
  class space    used 13779K, committed 14272K, reserved 1048576K
}
Event: 2232.818 GC heap before
{Heap before GC invocations=210 (full 5):
 garbage-first heap   total 263168K, used 229055K [0x0000000082800000, 0x0000000100000000)
  region size 1024K, 153 young (156672K), 1 survivors (1024K)
 Metaspace       used 115685K, committed 116800K, reserved 1179648K
  class space    used 13779K, committed 14272K, reserved 1048576K
}
Event: 2232.859 GC heap after
{Heap after GC invocations=211 (full 5):
 garbage-first heap   total 263168K, used 74398K [0x0000000082800000, 0x0000000100000000)
  region size 1024K, 2 young (2048K), 2 survivors (2048K)
 Metaspace       used 115685K, committed 116800K, reserved 1179648K
  class space    used 13779K, committed 14272K, reserved 1048576K
}
Event: 2257.783 GC heap before
{Heap before GC invocations=212 (full 5):
 garbage-first heap   total 260096K, used 156318K [0x0000000082800000, 0x0000000100000000)
  region size 1024K, 83 young (84992K), 2 survivors (2048K)
 Metaspace       used 115696K, committed 116800K, reserved 1179648K
  class space    used 13780K, committed 14272K, reserved 1048576K
}
Event: 2258.393 GC heap after
{Heap after GC invocations=213 (full 6):
 garbage-first heap   total 194560K, used 55847K [0x0000000082800000, 0x0000000100000000)
  region size 1024K, 0 young (0K), 0 survivors (0K)
 Metaspace       used 115696K, committed 116800K, reserved 1179648K
  class space    used 13780K, committed 14272K, reserved 1048576K
}
Event: 2260.520 GC heap before
{Heap before GC invocations=213 (full 6):
 garbage-first heap   total 194560K, used 169511K [0x0000000082800000, 0x0000000100000000)
  region size 1024K, 111 young (113664K), 0 survivors (0K)
 Metaspace       used 117242K, committed 118080K, reserved 1179648K
  class space    used 13919K, committed 14336K, reserved 1048576K
}
Event: 2260.558 GC heap after
{Heap after GC invocations=214 (full 6):
 garbage-first heap   total 194560K, used 64728K [0x0000000082800000, 0x0000000100000000)
  region size 1024K, 9 young (9216K), 9 survivors (9216K)
 Metaspace       used 117242K, committed 118080K, reserved 1179648K
  class space    used 13919K, committed 14336K, reserved 1048576K
}
Event: 2261.416 GC heap before
{Heap before GC invocations=215 (full 6):
 garbage-first heap   total 194560K, used 162008K [0x0000000082800000, 0x0000000100000000)
  region size 1024K, 104 young (106496K), 9 survivors (9216K)
 Metaspace       used 117948K, committed 118720K, reserved 1179648K
  class space    used 14016K, committed 14400K, reserved 1048576K
}
Event: 2261.503 GC heap after
{Heap after GC invocations=216 (full 6):
 garbage-first heap   total 194560K, used 67219K [0x0000000082800000, 0x0000000100000000)
  region size 1024K, 3 young (3072K), 3 survivors (3072K)
 Metaspace       used 117948K, committed 118720K, reserved 1179648K
  class space    used 14016K, committed 14400K, reserved 1048576K
}
Event: 2262.236 GC heap before
{Heap before GC invocations=216 (full 6):
 garbage-first heap   total 194560K, used 162451K [0x0000000082800000, 0x0000000100000000)
  region size 1024K, 96 young (98304K), 3 survivors (3072K)
 Metaspace       used 118738K, committed 119552K, reserved 1179648K
  class space    used 14069K, committed 14464K, reserved 1048576K
}
Event: 2262.246 GC heap after
{Heap after GC invocations=217 (full 6):
 garbage-first heap   total 194560K, used 71666K [0x0000000082800000, 0x0000000100000000)
  region size 1024K, 7 young (7168K), 7 survivors (7168K)
 Metaspace       used 118738K, committed 119552K, reserved 1179648K
  class space    used 14069K, committed 14464K, reserved 1048576K
}
Event: 2262.744 GC heap before
{Heap before GC invocations=218 (full 6):
 garbage-first heap   total 194560K, used 160754K [0x0000000082800000, 0x0000000100000000)
  region size 1024K, 94 young (96256K), 7 survivors (7168K)
 Metaspace       used 119303K, committed 120064K, reserved 1179648K
  class space    used 14103K, committed 14464K, reserved 1048576K
}
Event: 2262.755 GC heap after
{Heap after GC invocations=219 (full 6):
 garbage-first heap   total 293888K, used 74807K [0x0000000082800000, 0x0000000100000000)
  region size 1024K, 8 young (8192K), 8 survivors (8192K)
 Metaspace       used 119303K, committed 120064K, reserved 1179648K
  class space    used 14103K, committed 14464K, reserved 1048576K
}

