# JRE version: Java(TM) SE Runtime Environment (17.0.8+9) (build 17.0.8+9-LTS-211)
# Java VM: Java HotSpot(TM) 64-Bit Server VM (17.0.8+9-LTS-211, mixed mode, sharing, tiered, compressed oops, compressed class ptrs, g1 gc, windows-amd64)
GC Precious Log:
 CPUs: 8 total, 8 available
 Memory: 8029M
 Large Page Support: Disabled
 NUMA Support: Disabled
 Compressed Oops: Enabled (32-bit)
 Heap Region Size: 1M
 Heap Min Capacity: 8M
 Heap Initial Capacity: 126M
 Heap Max Capacity: 2008M
 Pre-touch: Disabled
 Parallel Workers: 8
 Concurrent Workers: 2
 Concurrent Refinement Workers: 8
 Periodic GC: Disabled
Heap:
 garbage-first heap   total 79872K, used 52670K [0x0000000082800000, 0x0000000100000000)
  region size 1024K, 23 young (23552K), 5 survivors (5120K)
 Metaspace       used 66072K, committed 66688K, reserved 1114112K
  class space    used 8809K, committed 9088K, reserved 1048576K
GC Heap History (20 events):
Event: 6.193 GC heap before
{Heap before GC invocations=14 (full 0):
 garbage-first heap   total 55296K, used 43197K [0x0000000082800000, 0x0000000100000000)
  region size 1024K, 19 young (19456K), 2 survivors (2048K)
 Metaspace       used 49587K, committed 50112K, reserved 1114112K
  class space    used 6416K, committed 6656K, reserved 1048576K
}
Event: 6.196 GC heap after
{Heap after GC invocations=15 (full 0):
 garbage-first heap   total 55296K, used 28271K [0x0000000082800000, 0x0000000100000000)
  region size 1024K, 3 young (3072K), 3 survivors (3072K)
 Metaspace       used 49587K, committed 50112K, reserved 1114112K
  class space    used 6416K, committed 6656K, reserved 1048576K
}
Event: 6.468 GC heap before
{Heap before GC invocations=16 (full 0):
 garbage-first heap   total 55296K, used 41583K [0x0000000082800000, 0x0000000100000000)
  region size 1024K, 17 young (17408K), 3 survivors (3072K)
 Metaspace       used 51631K, committed 52096K, reserved 1114112K
  class space    used 6675K, committed 6912K, reserved 1048576K
}
Event: 6.471 GC heap after
{Heap after GC invocations=17 (full 0):
 garbage-first heap   total 55296K, used 29092K [0x0000000082800000, 0x0000000100000000)
  region size 1024K, 1 young (1024K), 1 survivors (1024K)
 Metaspace       used 51631K, committed 52096K, reserved 1114112K
  class space    used 6675K, committed 6912K, reserved 1048576K
}
Event: 6.575 GC heap before
{Heap before GC invocations=17 (full 0):
 garbage-first heap   total 55296K, used 43428K [0x0000000082800000, 0x0000000100000000)
  region size 1024K, 15 young (15360K), 1 survivors (1024K)
 Metaspace       used 51775K, committed 52224K, reserved 1114112K
  class space    used 6675K, committed 6912K, reserved 1048576K
}
Event: 6.577 GC heap after
{Heap after GC invocations=18 (full 0):
 garbage-first heap   total 66560K, used 29437K [0x0000000082800000, 0x0000000100000000)
  region size 1024K, 2 young (2048K), 2 survivors (2048K)
 Metaspace       used 51775K, committed 52224K, reserved 1114112K
  class space    used 6675K, committed 6912K, reserved 1048576K
}
Event: 7.030 GC heap before
{Heap before GC invocations=19 (full 0):
 garbage-first heap   total 66560K, used 51965K [0x0000000082800000, 0x0000000100000000)
  region size 1024K, 24 young (24576K), 2 survivors (2048K)
 Metaspace       used 57035K, committed 57536K, reserved 1114112K
  class space    used 7583K, committed 7808K, reserved 1048576K
}
Event: 7.033 GC heap after
{Heap after GC invocations=20 (full 0):
 garbage-first heap   total 66560K, used 30174K [0x0000000082800000, 0x0000000100000000)
  region size 1024K, 2 young (2048K), 2 survivors (2048K)
 Metaspace       used 57035K, committed 57536K, reserved 1114112K
  class space    used 7583K, committed 7808K, reserved 1048576K
}
Event: 7.259 GC heap before
{Heap before GC invocations=20 (full 0):
 garbage-first heap   total 66560K, used 51678K [0x0000000082800000, 0x0000000100000000)
  region size 1024K, 24 young (24576K), 2 survivors (2048K)
 Metaspace       used 58598K, committed 59072K, reserved 1114112K
  class space    used 7802K, committed 8000K, reserved 1048576K
}
Event: 7.261 GC heap after
{Heap after GC invocations=21 (full 0):
 garbage-first heap   total 66560K, used 30684K [0x0000000082800000, 0x0000000100000000)
  region size 1024K, 2 young (2048K), 2 survivors (2048K)
 Metaspace       used 58598K, committed 59072K, reserved 1114112K
  class space    used 7802K, committed 8000K, reserved 1048576K
}
Event: 7.430 GC heap before
{Heap before GC invocations=21 (full 0):
 garbage-first heap   total 66560K, used 54236K [0x0000000082800000, 0x0000000100000000)
  region size 1024K, 25 young (25600K), 2 survivors (2048K)
 Metaspace       used 59032K, committed 59520K, reserved 1114112K
  class space    used 7838K, committed 8064K, reserved 1048576K
}
Event: 7.434 GC heap after
{Heap after GC invocations=22 (full 0):
 garbage-first heap   total 66560K, used 30883K [0x0000000082800000, 0x0000000100000000)
  region size 1024K, 3 young (3072K), 3 survivors (3072K)
 Metaspace       used 59032K, committed 59520K, reserved 1114112K
  class space    used 7838K, committed 8064K, reserved 1048576K
}
Event: 7.573 GC heap before
{Heap before GC invocations=22 (full 0):
 garbage-first heap   total 66560K, used 53411K [0x0000000082800000, 0x0000000100000000)
  region size 1024K, 25 young (25600K), 3 survivors (3072K)
 Metaspace       used 59256K, committed 59712K, reserved 1114112K
  class space    used 7864K, committed 8064K, reserved 1048576K
}
Event: 7.576 GC heap after
{Heap after GC invocations=23 (full 0):
 garbage-first heap   total 66560K, used 31268K [0x0000000082800000, 0x0000000100000000)
  region size 1024K, 3 young (3072K), 3 survivors (3072K)
 Metaspace       used 59256K, committed 59712K, reserved 1114112K
  class space    used 7864K, committed 8064K, reserved 1048576K
}
Event: 7.696 GC heap before
{Heap before GC invocations=23 (full 0):
 garbage-first heap   total 66560K, used 54820K [0x0000000082800000, 0x0000000100000000)
  region size 1024K, 26 young (26624K), 3 survivors (3072K)
 Metaspace       used 59555K, committed 60032K, reserved 1114112K
  class space    used 7897K, committed 8128K, reserved 1048576K
}
Event: 7.698 GC heap after
{Heap after GC invocations=24 (full 0):
 garbage-first heap   total 66560K, used 31488K [0x0000000082800000, 0x0000000100000000)
  region size 1024K, 3 young (3072K), 3 survivors (3072K)
 Metaspace       used 59555K, committed 60032K, reserved 1114112K
  class space    used 7897K, committed 8128K, reserved 1048576K
}
Event: 7.952 GC heap before
{Heap before GC invocations=24 (full 0):
 garbage-first heap   total 66560K, used 52992K [0x0000000082800000, 0x0000000100000000)
  region size 1024K, 25 young (25600K), 3 survivors (3072K)
 Metaspace       used 61987K, committed 62528K, reserved 1114112K
  class space    used 8254K, committed 8512K, reserved 1048576K
}
Event: 7.954 GC heap after
{Heap after GC invocations=25 (full 0):
 garbage-first heap   total 79872K, used 32173K [0x0000000082800000, 0x0000000100000000)
  region size 1024K, 3 young (3072K), 3 survivors (3072K)
 Metaspace       used 61987K, committed 62528K, reserved 1114112K
  class space    used 8254K, committed 8512K, reserved 1048576K
}
Event: 8.493 GC heap before
{Heap before GC invocations=26 (full 0):
 garbage-first heap   total 79872K, used 65965K [0x0000000082800000, 0x0000000100000000)
  region size 1024K, 36 young (36864K), 3 survivors (3072K)
 Metaspace       used 65498K, committed 66048K, reserved 1114112K
  class space    used 8741K, committed 9024K, reserved 1048576K
}
Event: 8.498 GC heap after
{Heap after GC invocations=27 (full 0):
 garbage-first heap   total 79872K, used 35262K [0x0000000082800000, 0x0000000100000000)
  region size 1024K, 5 young (5120K), 5 survivors (5120K)
 Metaspace       used 65498K, committed 66048K, reserved 1114112K
  class space    used 8741K, committed 9024K, reserved 1048576K
}

