# JRE version: Java(TM) SE Runtime Environment (17.0.8+9) (build 17.0.8+9-LTS-211)
# Java VM: Java HotSpot(TM) 64-Bit Server VM (17.0.8+9-LTS-211, mixed mode, sharing, tiered, compressed oops, compressed class ptrs, g1 gc, windows-amd64)
GC Precious Log:
 CPUs: 8 total, 8 available
 Memory: 8029M
 Large Page Support: Disabled
 NUMA Support: Disabled
 Compressed Oops: Enabled (32-bit)
 Heap Region Size: 1M
 Heap Min Capacity: 8M
 Heap Initial Capacity: 126M
 Heap Max Capacity: 2008M
 Pre-touch: Disabled
 Parallel Workers: 8
 Concurrent Workers: 2
 Concurrent Refinement Workers: 8
 Periodic GC: Disabled
Heap:
 garbage-first heap   total 58368K, used 34192K [0x0000000082800000, 0x0000000100000000)
  region size 1024K, 13 young (13312K), 3 survivors (3072K)
 Metaspace       used 48568K, committed 49024K, reserved 1114112K
  class space    used 6287K, committed 6528K, reserved 1048576K
GC Heap History (20 events):
Event: 3.090 GC heap before
{Heap before GC invocations=2 (full 0):
 garbage-first heap   total 129024K, used 82388K [0x0000000082800000, 0x0000000100000000)
  region size 1024K, 75 young (76800K), 2 survivors (2048K)
 Metaspace       used 20248K, committed 20544K, reserved 1114112K
  class space    used 2570K, committed 2752K, reserved 1048576K
}
Event: 3.096 GC heap after
{Heap after GC invocations=3 (full 0):
 garbage-first heap   total 129024K, used 13916K [0x0000000082800000, 0x0000000100000000)
  region size 1024K, 7 young (7168K), 7 survivors (7168K)
 Metaspace       used 20248K, committed 20544K, reserved 1114112K
  class space    used 2570K, committed 2752K, reserved 1048576K
}
Event: 3.286 GC heap before
{Heap before GC invocations=3 (full 0):
 garbage-first heap   total 129024K, used 21084K [0x0000000082800000, 0x0000000100000000)
  region size 1024K, 15 young (15360K), 7 survivors (7168K)
 Metaspace       used 21192K, committed 21504K, reserved 1114112K
  class space    used 2695K, committed 2880K, reserved 1048576K
}
Event: 3.292 GC heap after
{Heap after GC invocations=4 (full 0):
 garbage-first heap   total 129024K, used 14531K [0x0000000082800000, 0x0000000100000000)
  region size 1024K, 2 young (2048K), 2 survivors (2048K)
 Metaspace       used 21192K, committed 21504K, reserved 1114112K
  class space    used 2695K, committed 2880K, reserved 1048576K
}
Event: 4.239 GC heap before
{Heap before GC invocations=5 (full 0):
 garbage-first heap   total 58368K, used 47299K [0x0000000082800000, 0x0000000100000000)
  region size 1024K, 34 young (34816K), 2 survivors (2048K)
 Metaspace       used 23967K, committed 24320K, reserved 1114112K
  class space    used 3018K, committed 3200K, reserved 1048576K
}
Event: 4.245 GC heap after
{Heap after GC invocations=6 (full 0):
 garbage-first heap   total 58368K, used 15655K [0x0000000082800000, 0x0000000100000000)
  region size 1024K, 3 young (3072K), 3 survivors (3072K)
 Metaspace       used 23967K, committed 24320K, reserved 1114112K
  class space    used 3018K, committed 3200K, reserved 1048576K
}
Event: 4.272 GC heap before
{Heap before GC invocations=6 (full 0):
 garbage-first heap   total 58368K, used 16679K [0x0000000082800000, 0x0000000100000000)
  region size 1024K, 4 young (4096K), 3 survivors (3072K)
 Metaspace       used 24034K, committed 24384K, reserved 1114112K
  class space    used 3027K, committed 3200K, reserved 1048576K
}
Event: 4.275 GC heap after
{Heap after GC invocations=7 (full 0):
 garbage-first heap   total 58368K, used 16052K [0x0000000082800000, 0x0000000100000000)
  region size 1024K, 1 young (1024K), 1 survivors (1024K)
 Metaspace       used 24034K, committed 24384K, reserved 1114112K
  class space    used 3027K, committed 3200K, reserved 1048576K
}
Event: 5.666 GC heap before
{Heap before GC invocations=7 (full 0):
 garbage-first heap   total 58368K, used 41652K [0x0000000082800000, 0x0000000100000000)
  region size 1024K, 26 young (26624K), 1 survivors (1024K)
 Metaspace       used 27003K, committed 27392K, reserved 1114112K
  class space    used 3456K, committed 3648K, reserved 1048576K
}
Event: 5.669 GC heap after
{Heap after GC invocations=8 (full 0):
 garbage-first heap   total 58368K, used 17939K [0x0000000082800000, 0x0000000100000000)
  region size 1024K, 3 young (3072K), 3 survivors (3072K)
 Metaspace       used 27003K, committed 27392K, reserved 1114112K
  class space    used 3456K, committed 3648K, reserved 1048576K
}
Event: 7.923 GC heap before
{Heap before GC invocations=8 (full 0):
 garbage-first heap   total 58368K, used 41491K [0x0000000082800000, 0x0000000100000000)
  region size 1024K, 27 young (27648K), 3 survivors (3072K)
 Metaspace       used 31077K, committed 31488K, reserved 1114112K
  class space    used 3971K, committed 4160K, reserved 1048576K
}
Event: 7.929 GC heap after
{Heap after GC invocations=9 (full 0):
 garbage-first heap   total 58368K, used 20112K [0x0000000082800000, 0x0000000100000000)
  region size 1024K, 3 young (3072K), 3 survivors (3072K)
 Metaspace       used 31077K, committed 31488K, reserved 1114112K
  class space    used 3971K, committed 4160K, reserved 1048576K
}
Event: 8.980 GC heap before
{Heap before GC invocations=9 (full 0):
 garbage-first heap   total 58368K, used 42640K [0x0000000082800000, 0x0000000100000000)
  region size 1024K, 25 young (25600K), 3 survivors (3072K)
 Metaspace       used 33485K, committed 33984K, reserved 1114112K
  class space    used 4270K, committed 4480K, reserved 1048576K
}
Event: 8.985 GC heap after
{Heap after GC invocations=10 (full 0):
 garbage-first heap   total 58368K, used 21501K [0x0000000082800000, 0x0000000100000000)
  region size 1024K, 2 young (2048K), 2 survivors (2048K)
 Metaspace       used 33485K, committed 33984K, reserved 1114112K
  class space    used 4270K, committed 4480K, reserved 1048576K
}
Event: 9.286 GC heap before
{Heap before GC invocations=10 (full 0):
 garbage-first heap   total 58368K, used 27645K [0x0000000082800000, 0x0000000100000000)
  region size 1024K, 9 young (9216K), 2 survivors (2048K)
 Metaspace       used 35686K, committed 36096K, reserved 1114112K
  class space    used 4528K, committed 4736K, reserved 1048576K
}
Event: 9.289 GC heap after
{Heap after GC invocations=11 (full 0):
 garbage-first heap   total 58368K, used 22364K [0x0000000082800000, 0x0000000100000000)
  region size 1024K, 3 young (3072K), 3 survivors (3072K)
 Metaspace       used 35686K, committed 36096K, reserved 1114112K
  class space    used 4528K, committed 4736K, reserved 1048576K
}
Event: 10.881 GC heap before
{Heap before GC invocations=12 (full 0):
 garbage-first heap   total 58368K, used 43868K [0x0000000082800000, 0x0000000100000000)
  region size 1024K, 24 young (24576K), 3 survivors (3072K)
 Metaspace       used 42412K, committed 42880K, reserved 1114112K
  class space    used 5342K, committed 5568K, reserved 1048576K
}
Event: 10.885 GC heap after
{Heap after GC invocations=13 (full 0):
 garbage-first heap   total 58368K, used 23972K [0x0000000082800000, 0x0000000100000000)
  region size 1024K, 3 young (3072K), 3 survivors (3072K)
 Metaspace       used 42412K, committed 42880K, reserved 1114112K
  class space    used 5342K, committed 5568K, reserved 1048576K
}
Event: 12.146 GC heap before
{Heap before GC invocations=13 (full 0):
 garbage-first heap   total 58368K, used 45476K [0x0000000082800000, 0x0000000100000000)
  region size 1024K, 24 young (24576K), 3 survivors (3072K)
 Metaspace       used 46517K, committed 47040K, reserved 1114112K
  class space    used 5995K, committed 6272K, reserved 1048576K
}
Event: 12.149 GC heap after
{Heap after GC invocations=14 (full 0):
 garbage-first heap   total 58368K, used 24976K [0x0000000082800000, 0x0000000100000000)
  region size 1024K, 3 young (3072K), 3 survivors (3072K)
 Metaspace       used 46517K, committed 47040K, reserved 1114112K
  class space    used 5995K, committed 6272K, reserved 1048576K
}

