# JRE version: Java(TM) SE Runtime Environment (17.0.8+9) (build 17.0.8+9-LTS-211)
# Java VM: Java HotSpot(TM) 64-Bit Server VM (17.0.8+9-LTS-211, mixed mode, sharing, tiered, compressed oops, compressed class ptrs, g1 gc, windows-amd64)
GC Precious Log:
 CPUs: 8 total, 8 available
 Memory: 8029M
 Large Page Support: Disabled
 NUMA Support: Disabled
 Compressed Oops: Enabled (32-bit)
 Heap Region Size: 1M
 Heap Min Capacity: 8M
 Heap Initial Capacity: 126M
 Heap Max Capacity: 2008M
 Pre-touch: Disabled
 Parallel Workers: 8
 Concurrent Workers: 2
 Concurrent Refinement Workers: 8
 Periodic GC: Disabled
Heap:
 garbage-first heap   total 112640K, used 74257K [0x0000000082800000, 0x0000000100000000)
  region size 1024K, 35 young (35840K), 2 survivors (2048K)
 Metaspace       used 93136K, committed 93824K, reserved 1179648K
  class space    used 11998K, committed 12352K, reserved 1048576K
GC Heap History (20 events):
Event: 2744.892 GC heap before
{Heap before GC invocations=321 (full 0):
 garbage-first heap   total 128000K, used 57957K [0x0000000082800000, 0x0000000100000000)
  region size 1024K, 6 young (6144K), 1 survivors (1024K)
 Metaspace       used 89653K, committed 90368K, reserved 1179648K
  class space    used 11697K, committed 12096K, reserved 1048576K
}
Event: 2744.894 GC heap after
{Heap after GC invocations=322 (full 0):
 garbage-first heap   total 128000K, used 53047K [0x0000000082800000, 0x0000000100000000)
  region size 1024K, 1 young (1024K), 1 survivors (1024K)
 Metaspace       used 89653K, committed 90368K, reserved 1179648K
  class space    used 11697K, committed 12096K, reserved 1048576K
}
Event: 2768.986 GC heap before
{Heap before GC invocations=322 (full 0):
 garbage-first heap   total 128000K, used 111415K [0x0000000082800000, 0x0000000100000000)
  region size 1024K, 58 young (59392K), 1 survivors (1024K)
 Metaspace       used 89653K, committed 90368K, reserved 1179648K
  class space    used 11697K, committed 12096K, reserved 1048576K
}
Event: 2768.989 GC heap after
{Heap after GC invocations=323 (full 0):
 garbage-first heap   total 128000K, used 52510K [0x0000000082800000, 0x0000000100000000)
  region size 1024K, 1 young (1024K), 1 survivors (1024K)
 Metaspace       used 89653K, committed 90368K, reserved 1179648K
  class space    used 11697K, committed 12096K, reserved 1048576K
}
Event: 2818.426 GC heap before
{Heap before GC invocations=324 (full 0):
 garbage-first heap   total 128000K, used 111902K [0x0000000082800000, 0x0000000100000000)
  region size 1024K, 59 young (60416K), 1 survivors (1024K)
 Metaspace       used 89653K, committed 90368K, reserved 1179648K
  class space    used 11697K, committed 12096K, reserved 1048576K
}
Event: 2818.433 GC heap after
{Heap after GC invocations=325 (full 0):
 garbage-first heap   total 128000K, used 52661K [0x0000000082800000, 0x0000000100000000)
  region size 1024K, 1 young (1024K), 1 survivors (1024K)
 Metaspace       used 89653K, committed 90368K, reserved 1179648K
  class space    used 11697K, committed 12096K, reserved 1048576K
}
Event: 2822.876 GC heap before
{Heap before GC invocations=325 (full 0):
 garbage-first heap   total 128000K, used 57781K [0x0000000082800000, 0x0000000100000000)
  region size 1024K, 6 young (6144K), 1 survivors (1024K)
 Metaspace       used 89653K, committed 90368K, reserved 1179648K
  class space    used 11697K, committed 12096K, reserved 1048576K
}
Event: 2822.895 GC heap after
{Heap after GC invocations=326 (full 0):
 garbage-first heap   total 128000K, used 52454K [0x0000000082800000, 0x0000000100000000)
  region size 1024K, 1 young (1024K), 1 survivors (1024K)
 Metaspace       used 89653K, committed 90368K, reserved 1179648K
  class space    used 11697K, committed 12096K, reserved 1048576K
}
Event: 2841.692 GC heap before
{Heap before GC invocations=326 (full 0):
 garbage-first heap   total 128000K, used 84198K [0x0000000082800000, 0x0000000100000000)
  region size 1024K, 33 young (33792K), 1 survivors (1024K)
 Metaspace       used 90043K, committed 90752K, reserved 1179648K
  class space    used 11752K, committed 12096K, reserved 1048576K
}
Event: 2842.093 GC heap after
{Heap after GC invocations=327 (full 1):
 garbage-first heap   total 128000K, used 43622K [0x0000000082800000, 0x0000000100000000)
  region size 1024K, 0 young (0K), 0 survivors (0K)
 Metaspace       used 90010K, committed 90752K, reserved 1179648K
  class space    used 11746K, committed 12096K, reserved 1048576K
}
Event: 2845.531 GC heap before
{Heap before GC invocations=327 (full 1):
 garbage-first heap   total 128000K, used 109158K [0x0000000082800000, 0x0000000100000000)
  region size 1024K, 65 young (66560K), 0 survivors (0K)
 Metaspace       used 90545K, committed 91264K, reserved 1179648K
  class space    used 11773K, committed 12160K, reserved 1048576K
}
Event: 2845.563 GC heap after
{Heap after GC invocations=328 (full 1):
 garbage-first heap   total 128000K, used 49912K [0x0000000082800000, 0x0000000100000000)
  region size 1024K, 7 young (7168K), 7 survivors (7168K)
 Metaspace       used 90545K, committed 91264K, reserved 1179648K
  class space    used 11773K, committed 12160K, reserved 1048576K
}
Event: 2853.129 GC heap before
{Heap before GC invocations=329 (full 1):
 garbage-first heap   total 128000K, used 78584K [0x0000000082800000, 0x0000000100000000)
  region size 1024K, 36 young (36864K), 7 survivors (7168K)
 Metaspace       used 90653K, committed 91392K, reserved 1179648K
  class space    used 11789K, committed 12160K, reserved 1048576K
}
Event: 2853.229 GC heap after
{Heap after GC invocations=330 (full 2):
 garbage-first heap   total 112640K, used 31054K [0x0000000082800000, 0x0000000100000000)
  region size 1024K, 0 young (0K), 0 survivors (0K)
 Metaspace       used 90637K, committed 91392K, reserved 1179648K
  class space    used 11786K, committed 12160K, reserved 1048576K
}
Event: 2854.403 GC heap before
{Heap before GC invocations=330 (full 2):
 garbage-first heap   total 112640K, used 90446K [0x0000000082800000, 0x0000000100000000)
  region size 1024K, 58 young (59392K), 0 survivors (0K)
 Metaspace       used 91814K, committed 92544K, reserved 1179648K
  class space    used 11888K, committed 12224K, reserved 1048576K
}
Event: 2854.408 GC heap after
{Heap after GC invocations=331 (full 2):
 garbage-first heap   total 112640K, used 35606K [0x0000000082800000, 0x0000000100000000)
  region size 1024K, 5 young (5120K), 5 survivors (5120K)
 Metaspace       used 91814K, committed 92544K, reserved 1179648K
  class space    used 11888K, committed 12224K, reserved 1048576K
}
Event: 2855.664 GC heap before
{Heap before GC invocations=332 (full 2):
 garbage-first heap   total 112640K, used 88854K [0x0000000082800000, 0x0000000100000000)
  region size 1024K, 57 young (58368K), 5 survivors (5120K)
 Metaspace       used 92306K, committed 93056K, reserved 1179648K
  class space    used 11907K, committed 12288K, reserved 1048576K
}
Event: 2855.672 GC heap after
{Heap after GC invocations=333 (full 2):
 garbage-first heap   total 112640K, used 39475K [0x0000000082800000, 0x0000000100000000)
  region size 1024K, 8 young (8192K), 8 survivors (8192K)
 Metaspace       used 92306K, committed 93056K, reserved 1179648K
  class space    used 11907K, committed 12288K, reserved 1048576K
}
Event: 2856.809 GC heap before
{Heap before GC invocations=333 (full 2):
 garbage-first heap   total 112640K, used 87603K [0x0000000082800000, 0x0000000100000000)
  region size 1024K, 55 young (56320K), 8 survivors (8192K)
 Metaspace       used 92744K, committed 93504K, reserved 1179648K
  class space    used 11952K, committed 12352K, reserved 1048576K
}
Event: 2856.817 GC heap after
{Heap after GC invocations=334 (full 2):
 garbage-first heap   total 112640K, used 41489K [0x0000000082800000, 0x0000000100000000)
  region size 1024K, 2 young (2048K), 2 survivors (2048K)
 Metaspace       used 92744K, committed 93504K, reserved 1179648K
  class space    used 11952K, committed 12352K, reserved 1048576K
}

