# JRE version: Java(TM) SE Runtime Environment (17.0.8+9) (build 17.0.8+9-LTS-211)
# Java VM: Java HotSpot(TM) 64-Bit Server VM (17.0.8+9-LTS-211, mixed mode, sharing, tiered, compressed oops, compressed class ptrs, g1 gc, windows-amd64)
GC Precious Log:
 CPUs: 8 total, 8 available
 Memory: 8029M
 Large Page Support: Disabled
 NUMA Support: Disabled
 Compressed Oops: Enabled (32-bit)
 Heap Region Size: 1M
 Heap Min Capacity: 8M
 Heap Initial Capacity: 126M
 Heap Max Capacity: 2008M
 Pre-touch: Disabled
 Parallel Workers: 8
 Concurrent Workers: 2
 Concurrent Refinement Workers: 8
 Periodic GC: Disabled
Heap:
 garbage-first heap   total 354304K, used 72619K [0x0000000082800000, 0x0000000100000000)
  region size 1024K, 1 young (1024K), 1 survivors (1024K)
 Metaspace       used 122840K, committed 123648K, reserved 1179648K
  class space    used 14355K, committed 14784K, reserved 1048576K
GC Heap History (20 events):
Event: 2982.896 GC heap after
{Heap after GC invocations=229 (full 8):
 garbage-first heap   total 354304K, used 76435K [0x0000000082800000, 0x0000000100000000)
  region size 1024K, 1 young (1024K), 1 survivors (1024K)
 Metaspace       used 121883K, committed 122624K, reserved 1179648K
  class space    used 14304K, committed 14720K, reserved 1048576K
}
Event: 2985.670 GC heap before
{Heap before GC invocations=229 (full 8):
 garbage-first heap   total 354304K, used 190099K [0x0000000082800000, 0x0000000100000000)
  region size 1024K, 113 young (115712K), 1 survivors (1024K)
 Metaspace       used 122553K, committed 123264K, reserved 1179648K
  class space    used 14338K, committed 14720K, reserved 1048576K
}
Event: 2985.693 GC heap after
{Heap after GC invocations=230 (full 8):
 garbage-first heap   total 354304K, used 80930K [0x0000000082800000, 0x0000000100000000)
  region size 1024K, 5 young (5120K), 5 survivors (5120K)
 Metaspace       used 122553K, committed 123264K, reserved 1179648K
  class space    used 14338K, committed 14720K, reserved 1048576K
}
Event: 3022.816 GC heap before
{Heap before GC invocations=231 (full 8):
 garbage-first heap   total 307200K, used 290850K [0x0000000082800000, 0x0000000100000000)
  region size 1024K, 127 young (130048K), 5 survivors (5120K)
 Metaspace       used 122681K, committed 123392K, reserved 1179648K
  class space    used 14342K, committed 14720K, reserved 1048576K
}
Event: 3022.839 GC heap after
{Heap after GC invocations=232 (full 8):
 garbage-first heap   total 307200K, used 82801K [0x0000000082800000, 0x0000000100000000)
  region size 1024K, 7 young (7168K), 7 survivors (7168K)
 Metaspace       used 122681K, committed 123392K, reserved 1179648K
  class space    used 14342K, committed 14720K, reserved 1048576K
}
Event: 3026.039 GC heap before
{Heap before GC invocations=232 (full 8):
 garbage-first heap   total 307200K, used 90993K [0x0000000082800000, 0x0000000100000000)
  region size 1024K, 15 young (15360K), 7 survivors (7168K)
 Metaspace       used 122681K, committed 123392K, reserved 1179648K
  class space    used 14342K, committed 14720K, reserved 1048576K
}
Event: 3026.058 GC heap after
{Heap after GC invocations=233 (full 8):
 garbage-first heap   total 307200K, used 76716K [0x0000000082800000, 0x0000000100000000)
  region size 1024K, 1 young (1024K), 1 survivors (1024K)
 Metaspace       used 122681K, committed 123392K, reserved 1179648K
  class space    used 14342K, committed 14720K, reserved 1048576K
}
Event: 3094.099 GC heap before
{Heap before GC invocations=233 (full 8):
 garbage-first heap   total 307200K, used 254892K [0x0000000082800000, 0x0000000100000000)
  region size 1024K, 175 young (179200K), 1 survivors (1024K)
 Metaspace       used 122681K, committed 123392K, reserved 1179648K
  class space    used 14342K, committed 14720K, reserved 1048576K
}
Event: 3094.168 GC heap after
{Heap after GC invocations=234 (full 8):
 garbage-first heap   total 307200K, used 76401K [0x0000000082800000, 0x0000000100000000)
  region size 1024K, 1 young (1024K), 1 survivors (1024K)
 Metaspace       used 122681K, committed 123392K, reserved 1179648K
  class space    used 14342K, committed 14720K, reserved 1048576K
}
Event: 3169.618 GC heap before
{Heap before GC invocations=235 (full 8):
 garbage-first heap   total 273408K, used 259697K [0x0000000082800000, 0x0000000100000000)
  region size 1024K, 180 young (184320K), 1 survivors (1024K)
 Metaspace       used 122677K, committed 123392K, reserved 1179648K
  class space    used 14342K, committed 14720K, reserved 1048576K
}
Event: 3169.654 GC heap after
{Heap after GC invocations=236 (full 8):
 garbage-first heap   total 273408K, used 77032K [0x0000000082800000, 0x0000000100000000)
  region size 1024K, 1 young (1024K), 1 survivors (1024K)
 Metaspace       used 122677K, committed 123392K, reserved 1179648K
  class space    used 14342K, committed 14720K, reserved 1048576K
}
Event: 3174.548 GC heap before
{Heap before GC invocations=236 (full 8):
 garbage-first heap   total 273408K, used 89320K [0x0000000082800000, 0x0000000100000000)
  region size 1024K, 13 young (13312K), 1 survivors (1024K)
 Metaspace       used 122677K, committed 123392K, reserved 1179648K
  class space    used 14342K, committed 14720K, reserved 1048576K
}
Event: 3174.566 GC heap after
{Heap after GC invocations=237 (full 8):
 garbage-first heap   total 273408K, used 73675K [0x0000000082800000, 0x0000000100000000)
  region size 1024K, 1 young (1024K), 1 survivors (1024K)
 Metaspace       used 122677K, committed 123392K, reserved 1179648K
  class space    used 14342K, committed 14720K, reserved 1048576K
}
Event: 3184.473 GC heap before
{Heap before GC invocations=237 (full 8):
 garbage-first heap   total 273408K, used 98251K [0x0000000082800000, 0x0000000100000000)
  region size 1024K, 26 young (26624K), 1 survivors (1024K)
 Metaspace       used 122679K, committed 123392K, reserved 1179648K
  class space    used 14342K, committed 14720K, reserved 1048576K
}
Event: 3184.502 GC heap after
{Heap after GC invocations=238 (full 8):
 garbage-first heap   total 273408K, used 73492K [0x0000000082800000, 0x0000000100000000)
  region size 1024K, 1 young (1024K), 1 survivors (1024K)
 Metaspace       used 122679K, committed 123392K, reserved 1179648K
  class space    used 14342K, committed 14720K, reserved 1048576K
}
Event: 3224.790 GC heap before
{Heap before GC invocations=239 (full 8):
 garbage-first heap   total 273408K, used 266004K [0x0000000082800000, 0x0000000100000000)
  region size 1024K, 106 young (108544K), 1 survivors (1024K)
 Metaspace       used 122840K, committed 123648K, reserved 1179648K
  class space    used 14355K, committed 14784K, reserved 1048576K
}
Event: 3227.388 GC heap after
{Heap after GC invocations=240 (full 8):
 garbage-first heap   total 273408K, used 74323K [0x0000000082800000, 0x0000000100000000)
  region size 1024K, 1 young (1024K), 1 survivors (1024K)
 Metaspace       used 122840K, committed 123648K, reserved 1179648K
  class space    used 14355K, committed 14784K, reserved 1048576K
}
Event: 3234.351 GC heap before
{Heap before GC invocations=240 (full 8):
 garbage-first heap   total 273408K, used 86611K [0x0000000082800000, 0x0000000100000000)
  region size 1024K, 13 young (13312K), 1 survivors (1024K)
 Metaspace       used 122840K, committed 123648K, reserved 1179648K
  class space    used 14355K, committed 14784K, reserved 1048576K
}
Event: 3234.872 GC heap after
{Heap after GC invocations=241 (full 8):
 garbage-first heap   total 273408K, used 72959K [0x0000000082800000, 0x0000000100000000)
  region size 1024K, 1 young (1024K), 1 survivors (1024K)
 Metaspace       used 122840K, committed 123648K, reserved 1179648K
  class space    used 14355K, committed 14784K, reserved 1048576K
}
Event: 3239.781 GC heap before
{Heap before GC invocations=241 (full 8):
 garbage-first heap   total 273408K, used 85247K [0x0000000082800000, 0x0000000100000000)
  region size 1024K, 13 young (13312K), 1 survivors (1024K)
 Metaspace       used 122840K, committed 123648K, reserved 1179648K
  class space    used 14355K, committed 14784K, reserved 1048576K
}

